Using pre-set license
Built from '2021.1/staging' branch; Version is '2021.1.7f1 (d91830b65d9b) revision 14227504'; Using compiler version '192528614'; Build Type 'Release'
OS: 'Windows 10 Pro; OS build 19042.985; Version 2009; 64bit' Language: 'hu' Physical Memory: 16294 MB
BatchMode: 1, IsHumanControllingUs: 0, StartBugReporterOnCrash: 0, Is64bit: 1, IsPro: 0

 COMMAND LINE ARGUMENTS:
C:\Program Files\Unity\Hub\Editor\2021.1.7f1\Editor\Unity.exe
-adb2
-batchMode
-noUpm
-name
AssetImportWorker0
-projectPath
C:/Users/Patrik/unity/bomberman
-logFile
Logs/AssetImportWorker0.log
-srvPort
50513
Successfully changed project path to: C:/Users/Patrik/unity/bomberman
C:/Users/Patrik/unity/bomberman
Using Asset Import Pipeline V2.
Refreshing native plugins compatible for Editor in 77.46 ms, found 4 plugins.
Preloading 0 native plugins for Editor in 0.00 ms.
Initialize engine version: 2021.1.7f1 (d91830b65d9b)
[Subsystems] Discovering subsystems at path C:/Program Files/Unity/Hub/Editor/2021.1.7f1/Editor/Data/Resources/UnitySubsystems
[Subsystems] Discovering subsystems at path C:/Users/Patrik/unity/bomberman/Assets
GfxDevice: creating device client; threaded=0; jobified=0
Direct3D:
    Version:  Direct3D 11.0 [level 11.1]
    Renderer: NVIDIA GeForce GTX 1650 (ID=0x1f0a)
    Vendor:   NVIDIA
    VRAM:     3961 MB
    Driver:   27.21.14.6231
Initialize mono
Mono path[0] = 'C:/Program Files/Unity/Hub/Editor/2021.1.7f1/Editor/Data/Managed'
Mono path[1] = 'C:/Program Files/Unity/Hub/Editor/2021.1.7f1/Editor/Data/MonoBleedingEdge/lib/mono/unityjit'
Mono config path = 'C:/Program Files/Unity/Hub/Editor/2021.1.7f1/Editor/Data/MonoBleedingEdge/etc'
Using monoOptions --debugger-agent=transport=dt_socket,embedding=1,server=y,suspend=n,address=127.0.0.1:56440
Begin MonoManager ReloadAssembly
Registering precompiled unity dll's ...
Register platform support module: C:/Program Files/Unity/Hub/Editor/2021.1.7f1/Editor/Data/PlaybackEngines/WindowsStandaloneSupport/UnityEditor.WindowsStandalone.Extensions.dll
Registered in 0.001690 seconds.
Native extension for WindowsStandalone target not found
Refreshing native plugins compatible for Editor in 77.77 ms, found 4 plugins.
Preloading 0 native plugins for Editor in 0.00 ms.
Mono: successfully reloaded assembly
- Completed reload, in  1.075 seconds
Platform modules already initialized, skipping
Registering precompiled user dll's ...
Registered in 0.003041 seconds.
Begin MonoManager ReloadAssembly
Symbol file LoadedFromMemory doesn't match image C:\Users\Patrik\unity\bomberman\Library\PackageCache\com.unity.visualscripting@1.6.1\Editor\VisualScripting.Core\Dependencies\YamlDotNet\Unity.VisualScripting.YamlDotNet.dll
Symbol file LoadedFromMemory doesn't match image C:\Users\Patrik\unity\bomberman\Library\PackageCache\com.unity.visualscripting@1.6.1\Editor\VisualScripting.Core\Dependencies\DotNetZip\Unity.VisualScripting.IonicZip.dll
Native extension for WindowsStandalone target not found
Refreshing native plugins compatible for Editor in 0.57 ms, found 4 plugins.
Preloading 0 native plugins for Editor in 0.00 ms.
Mono: successfully reloaded assembly
- Completed reload, in  0.902 seconds
Platform modules already initialized, skipping
========================================================================
Worker process is ready to serve import requests
Launched and connected shader compiler UnityShaderCompiler.exe after 0.03 seconds
Refreshing native plugins compatible for Editor in 0.57 ms, found 4 plugins.
Preloading 0 native plugins for Editor in 0.00 ms.
Unloading 3087 Unused Serialized files (Serialized files now loaded: 0)
System memory in use before: 121.3 MB.
System memory in use after: 121.5 MB.

Unloading 22 unused Assets to reduce memory usage. Loaded Objects now: 3540.
Total: 2.025100 ms (FindLiveObjects: 0.262800 ms CreateObjectMapping: 0.154800 ms MarkObjects: 1.522200 ms  DeleteObjects: 0.084400 ms)

========================================================================
Received Import Request.
  path: Assets/Jammo-Character/Scripts/MovementInput.cs
  artifactKey: Guid(caa9f165e2b4f1a4f9522501717c095d) Importer(815301076,1909f56bfc062723c751e8b465ee728b)
Start importing Assets/Jammo-Character/Scripts/MovementInput.cs using Guid(caa9f165e2b4f1a4f9522501717c095d) Importer(815301076,1909f56bfc062723c751e8b465ee728b)  -> (artifact id: 'e5ca25598a4f648c6beea91beff901fd') in 0.079159 seconds 
========================================================================
Received Import Request.
  Time since last request: 152.297074 seconds.
  path: Assets/Jammo-Character/Scripts/MovementInput.cs
  artifactKey: Guid(caa9f165e2b4f1a4f9522501717c095d) Importer(815301076,1909f56bfc062723c751e8b465ee728b)
Start importing Assets/Jammo-Character/Scripts/MovementInput.cs using Guid(caa9f165e2b4f1a4f9522501717c095d) Importer(815301076,1909f56bfc062723c751e8b465ee728b)  -> (artifact id: '4c6072ec55fe121a15465fcbe9f60a8a') in 0.001881 seconds 
========================================================================
Received Prepare
Registering precompiled user dll's ...
Registered in 0.002983 seconds.
Begin MonoManager ReloadAssembly
Symbol file LoadedFromMemory doesn't match image C:\Users\Patrik\unity\bomberman\Library\PackageCache\com.unity.visualscripting@1.6.1\Editor\VisualScripting.Core\Dependencies\YamlDotNet\Unity.VisualScripting.YamlDotNet.dll
Symbol file LoadedFromMemory doesn't match image C:\Users\Patrik\unity\bomberman\Library\PackageCache\com.unity.visualscripting@1.6.1\Editor\VisualScripting.Core\Dependencies\DotNetZip\Unity.VisualScripting.IonicZip.dll
Native extension for WindowsStandalone target not found
Refreshing native plugins compatible for Editor in 0.59 ms, found 4 plugins.
Preloading 0 native plugins for Editor in 0.00 ms.
Mono: successfully reloaded assembly
- Completed reload, in  0.840 seconds
Platform modules already initialized, skipping
Refreshing native plugins compatible for Editor in 0.58 ms, found 4 plugins.
Preloading 0 native plugins for Editor in 0.00 ms.
Unloading 3047 Unused Serialized files (Serialized files now loaded: 0)
System memory in use before: 117.9 MB.
System memory in use after: 118.1 MB.

Unloading 17 unused Assets to reduce memory usage. Loaded Objects now: 3543.
Total: 2.093400 ms (FindLiveObjects: 0.256600 ms CreateObjectMapping: 0.170900 ms MarkObjects: 1.616500 ms  DeleteObjects: 0.048400 ms)

========================================================================
Received Import Request.
  Time since last request: 26.170948 seconds.
  path: Assets/Jammo-Character/Scripts/MovementInput.cs
  artifactKey: Guid(caa9f165e2b4f1a4f9522501717c095d) Importer(815301076,1909f56bfc062723c751e8b465ee728b)
Start importing Assets/Jammo-Character/Scripts/MovementInput.cs using Guid(caa9f165e2b4f1a4f9522501717c095d) Importer(815301076,1909f56bfc062723c751e8b465ee728b)  -> (artifact id: 'c40270abb8be603affe1d32fe4c4f382') in 0.005675 seconds 
========================================================================
Received Prepare
Registering precompiled user dll's ...
Registered in 0.003284 seconds.
Begin MonoManager ReloadAssembly
Symbol file LoadedFromMemory doesn't match image C:\Users\Patrik\unity\bomberman\Library\PackageCache\com.unity.visualscripting@1.6.1\Editor\VisualScripting.Core\Dependencies\YamlDotNet\Unity.VisualScripting.YamlDotNet.dll
Symbol file LoadedFromMemory doesn't match image C:\Users\Patrik\unity\bomberman\Library\PackageCache\com.unity.visualscripting@1.6.1\Editor\VisualScripting.Core\Dependencies\DotNetZip\Unity.VisualScripting.IonicZip.dll
Native extension for WindowsStandalone target not found
Refreshing native plugins compatible for Editor in 0.63 ms, found 4 plugins.
Preloading 0 native plugins for Editor in 0.00 ms.
Mono: successfully reloaded assembly
- Completed reload, in  0.884 seconds
Platform modules already initialized, skipping
Refreshing native plugins compatible for Editor in 0.57 ms, found 4 plugins.
Preloading 0 native plugins for Editor in 0.00 ms.
Unloading 3047 Unused Serialized files (Serialized files now loaded: 0)
System memory in use before: 117.9 MB.
System memory in use after: 118.1 MB.

Unloading 17 unused Assets to reduce memory usage. Loaded Objects now: 3546.
Total: 2.708000 ms (FindLiveObjects: 0.226400 ms CreateObjectMapping: 0.147000 ms MarkObjects: 2.283300 ms  DeleteObjects: 0.050300 ms)

========================================================================
Received Import Request.
  Time since last request: 92.715909 seconds.
  path: Assets/Jammo-Character/Scripts/MovementInput.cs
  artifactKey: Guid(caa9f165e2b4f1a4f9522501717c095d) Importer(815301076,1909f56bfc062723c751e8b465ee728b)
Start importing Assets/Jammo-Character/Scripts/MovementInput.cs using Guid(caa9f165e2b4f1a4f9522501717c095d) Importer(815301076,1909f56bfc062723c751e8b465ee728b)  -> (artifact id: '67dbadafaa15d104750eb3a4d17ac4a1') in 0.004827 seconds 
========================================================================
Received Prepare
Registering precompiled user dll's ...
Registered in 0.003764 seconds.
Begin MonoManager ReloadAssembly
Symbol file LoadedFromMemory doesn't match image C:\Users\Patrik\unity\bomberman\Library\PackageCache\com.unity.visualscripting@1.6.1\Editor\VisualScripting.Core\Dependencies\YamlDotNet\Unity.VisualScripting.YamlDotNet.dll
Symbol file LoadedFromMemory doesn't match image C:\Users\Patrik\unity\bomberman\Library\PackageCache\com.unity.visualscripting@1.6.1\Editor\VisualScripting.Core\Dependencies\DotNetZip\Unity.VisualScripting.IonicZip.dll
Native extension for WindowsStandalone target not found
Refreshing native plugins compatible for Editor in 1.06 ms, found 4 plugins.
Preloading 0 native plugins for Editor in 0.00 ms.
Mono: successfully reloaded assembly
- Completed reload, in  0.949 seconds
Platform modules already initialized, skipping
Refreshing native plugins compatible for Editor in 0.61 ms, found 4 plugins.
Preloading 0 native plugins for Editor in 0.00 ms.
Unloading 3047 Unused Serialized files (Serialized files now loaded: 0)
System memory in use before: 117.9 MB.
System memory in use after: 118.1 MB.

Unloading 17 unused Assets to reduce memory usage. Loaded Objects now: 3549.
Total: 2.929200 ms (FindLiveObjects: 0.269000 ms CreateObjectMapping: 0.246700 ms MarkObjects: 2.361800 ms  DeleteObjects: 0.050700 ms)

========================================================================
Received Import Request.
  Time since last request: 78.108024 seconds.
  path: Assets/Prefabs/Explode.prefab
  artifactKey: Guid(47e26e3e7a14551429d3c64379c1c946) Importer(815301076,1909f56bfc062723c751e8b465ee728b)
Start importing Assets/Prefabs/Explode.prefab using Guid(47e26e3e7a14551429d3c64379c1c946) Importer(815301076,1909f56bfc062723c751e8b465ee728b)  -> (artifact id: '35bd6c31b9b8955c86345647189d79be') in 0.066122 seconds 
========================================================================
Received Import Request.
  Time since last request: 2.106203 seconds.
  path: Assets/Prefabs/Explode.prefab
  artifactKey: Guid(47e26e3e7a14551429d3c64379c1c946) Importer(815301076,1909f56bfc062723c751e8b465ee728b)
Start importing Assets/Prefabs/Explode.prefab using Guid(47e26e3e7a14551429d3c64379c1c946) Importer(815301076,1909f56bfc062723c751e8b465ee728b)  -> (artifact id: '8874f35fcb9b22433950e4b818602203') in 0.003629 seconds 
========================================================================
Received Prepare
Registering precompiled user dll's ...
Registered in 0.006039 seconds.
Begin MonoManager ReloadAssembly
Symbol file LoadedFromMemory doesn't match image C:\Users\Patrik\unity\bomberman\Library\PackageCache\com.unity.visualscripting@1.6.1\Editor\VisualScripting.Core\Dependencies\YamlDotNet\Unity.VisualScripting.YamlDotNet.dll
Symbol file LoadedFromMemory doesn't match image C:\Users\Patrik\unity\bomberman\Library\PackageCache\com.unity.visualscripting@1.6.1\Editor\VisualScripting.Core\Dependencies\DotNetZip\Unity.VisualScripting.IonicZip.dll
Native extension for WindowsStandalone target not found
Refreshing native plugins compatible for Editor in 0.88 ms, found 4 plugins.
Preloading 0 native plugins for Editor in 0.00 ms.
Mono: successfully reloaded assembly
- Completed reload, in  0.977 seconds
Platform modules already initialized, skipping
Refreshing native plugins compatible for Editor in 0.65 ms, found 4 plugins.
Preloading 0 native plugins for Editor in 0.00 ms.
Unloading 3047 Unused Serialized files (Serialized files now loaded: 0)
System memory in use before: 118.0 MB.
System memory in use after: 118.2 MB.

Unloading 17 unused Assets to reduce memory usage. Loaded Objects now: 3552.
Total: 2.412700 ms (FindLiveObjects: 0.281200 ms CreateObjectMapping: 0.199900 ms MarkObjects: 1.880100 ms  DeleteObjects: 0.050500 ms)

========================================================================
Received Import Request.
  Time since last request: 6.847858 seconds.
  path: Assets/Prefabs/Explode.prefab
  artifactKey: Guid(47e26e3e7a14551429d3c64379c1c946) Importer(815301076,1909f56bfc062723c751e8b465ee728b)
Start importing Assets/Prefabs/Explode.prefab using Guid(47e26e3e7a14551429d3c64379c1c946) Importer(815301076,1909f56bfc062723c751e8b465ee728b)  -> (artifact id: 'f344a39f631c4702c9cb6cb4c6c70496') in 0.038086 seconds 
========================================================================
Received Prepare
Registering precompiled user dll's ...
Registered in 0.003098 seconds.
Begin MonoManager ReloadAssembly
Symbol file LoadedFromMemory doesn't match image C:\Users\Patrik\unity\bomberman\Library\PackageCache\com.unity.visualscripting@1.6.1\Editor\VisualScripting.Core\Dependencies\YamlDotNet\Unity.VisualScripting.YamlDotNet.dll
Symbol file LoadedFromMemory doesn't match image C:\Users\Patrik\unity\bomberman\Library\PackageCache\com.unity.visualscripting@1.6.1\Editor\VisualScripting.Core\Dependencies\DotNetZip\Unity.VisualScripting.IonicZip.dll
Native extension for WindowsStandalone target not found
Refreshing native plugins compatible for Editor in 0.70 ms, found 4 plugins.
Preloading 0 native plugins for Editor in 0.00 ms.
Mono: successfully reloaded assembly
- Completed reload, in  0.864 seconds
Platform modules already initialized, skipping
Refreshing native plugins compatible for Editor in 0.72 ms, found 4 plugins.
Preloading 0 native plugins for Editor in 0.00 ms.
Unloading 3047 Unused Serialized files (Serialized files now loaded: 0)
System memory in use before: 118.0 MB.
System memory in use after: 118.2 MB.

Unloading 17 unused Assets to reduce memory usage. Loaded Objects now: 3555.
Total: 2.207100 ms (FindLiveObjects: 0.262600 ms CreateObjectMapping: 0.172000 ms MarkObjects: 1.712500 ms  DeleteObjects: 0.058900 ms)

========================================================================
Received Prepare
Registering precompiled user dll's ...
Registered in 0.003007 seconds.
Begin MonoManager ReloadAssembly
Symbol file LoadedFromMemory doesn't match image C:\Users\Patrik\unity\bomberman\Library\PackageCache\com.unity.visualscripting@1.6.1\Editor\VisualScripting.Core\Dependencies\YamlDotNet\Unity.VisualScripting.YamlDotNet.dll
Symbol file LoadedFromMemory doesn't match image C:\Users\Patrik\unity\bomberman\Library\PackageCache\com.unity.visualscripting@1.6.1\Editor\VisualScripting.Core\Dependencies\DotNetZip\Unity.VisualScripting.IonicZip.dll
Native extension for WindowsStandalone target not found
Refreshing native plugins compatible for Editor in 0.65 ms, found 4 plugins.
Preloading 0 native plugins for Editor in 0.00 ms.
Mono: successfully reloaded assembly
- Completed reload, in  0.824 seconds
Platform modules already initialized, skipping
Refreshing native plugins compatible for Editor in 0.56 ms, found 4 plugins.
Preloading 0 native plugins for Editor in 0.00 ms.
Unloading 3047 Unused Serialized files (Serialized files now loaded: 0)
System memory in use before: 118.0 MB.
System memory in use after: 118.2 MB.

Unloading 17 unused Assets to reduce memory usage. Loaded Objects now: 3558.
Total: 2.060900 ms (FindLiveObjects: 0.308000 ms CreateObjectMapping: 0.218200 ms MarkObjects: 1.491900 ms  DeleteObjects: 0.042000 ms)

========================================================================
Received Prepare
Registering precompiled user dll's ...
Registered in 0.005037 seconds.
Begin MonoManager ReloadAssembly
Symbol file LoadedFromMemory doesn't match image C:\Users\Patrik\unity\bomberman\Library\PackageCache\com.unity.visualscripting@1.6.1\Editor\VisualScripting.Core\Dependencies\YamlDotNet\Unity.VisualScripting.YamlDotNet.dll
Symbol file LoadedFromMemory doesn't match image C:\Users\Patrik\unity\bomberman\Library\PackageCache\com.unity.visualscripting@1.6.1\Editor\VisualScripting.Core\Dependencies\DotNetZip\Unity.VisualScripting.IonicZip.dll
Native extension for WindowsStandalone target not found
Refreshing native plugins compatible for Editor in 0.64 ms, found 4 plugins.
Preloading 0 native plugins for Editor in 0.00 ms.
Mono: successfully reloaded assembly
- Completed reload, in  0.836 seconds
Platform modules already initialized, skipping
Refreshing native plugins compatible for Editor in 0.58 ms, found 4 plugins.
Preloading 0 native plugins for Editor in 0.00 ms.
Unloading 3047 Unused Serialized files (Serialized files now loaded: 0)
System memory in use before: 118.0 MB.
System memory in use after: 118.2 MB.

Unloading 17 unused Assets to reduce memory usage. Loaded Objects now: 3561.
Total: 1.948700 ms (FindLiveObjects: 0.248700 ms CreateObjectMapping: 0.153300 ms MarkObjects: 1.501400 ms  DeleteObjects: 0.044400 ms)

AssetImportWorkerClient::OnTransportError - code=2 error=End of file
